#
# A fatal error has been detected by the Java Runtime Environment:
#
#  SIGBUS (0x7) at pc=0x00007f30fcb131b0, pid=24498, tid=139848218171136
#
# JRE version: 6.0_24-b07
# Java VM: Java HotSpot(TM) 64-Bit Server VM (19.1-b02 mixed mode linux-amd64 compressed oops)
# Problematic frame:
# C  [libzip.so+0xb1b0]
#
# If you would like to submit a bug report, please visit:
#   http://java.sun.com/webapps/bugreport/crash.jsp
# The crash happened outside the Java Virtual Machine in native code.
# See problematic frame for where to report the bug.
#

---------------  T H R E A D  ---------------

Current thread (0x00007f30ec676800):  JavaThread "Timer-1" daemon [_thread_in_native, id=24678, stack(0x00007f30f34dd000,0x00007f30f35de000)]

siginfo:si_signo=SIGBUS: si_errno=0, si_code=2 (BUS_ADRERR), si_addr=0x00007f30f387993a

Registers:
RAX=0x0000000000000000, RBX=0x00007f30ecbe7f50, RCX=0x0000000042d84950, RDX=0x00007f30febc81c0
RSP=0x00007f30f35d7c50, RBP=0x00007f30f387991d, RSI=0x0000000000000040, RDI=0x00007f30febc81c0
R8 =0x0000000000000000, R9 =0x00007f30febc8228, R10=0x00007f30fe6e01b0, R11=0x0000000000000005
R12=0x0000000042d84960, R13=0x000000006f37c658, R14=0x00007f30eca2aec0, R15=0x0000000000000046
RIP=0x00007f30fcb131b0, EFL=0x0000000000010206, CSGSFS=0x0000000000000033, ERR=0x0000000000000004
  TRAPNO=0x000000000000000e

Register to memory mapping:

RAX=0x0000000000000000
0x0000000000000000 is pointing to unknown location

RBX=0x00007f30ecbe7f50
0x00007f30ecbe7f50 is pointing to unknown location

RCX=0x0000000042d84950
0x0000000042d84950 is pointing to unknown location

RDX=0x00007f30febc81c0
0x00007f30febc81c0: <offset 0x38f1c0> in /lib/x86_64-linux-gnu/libc.so.6 at 0x00007f30fe839000

RSP=0x00007f30f35d7c50
0x00007f30f35d7c50 is pointing into the stack for thread: 0x00007f30ec676800
"Timer-1" daemon prio=10 tid=0x00007f30ec676800 nid=0x6066 runnable [0x00007f30f35d8000]
   java.lang.Thread.State: RUNNABLE

RBP=0x00007f30f387991d
0x00007f30f387991d is pointing to unknown location

RSI=0x0000000000000040
0x0000000000000040 is pointing to unknown location

RDI=0x00007f30febc81c0
0x00007f30febc81c0: <offset 0x38f1c0> in /lib/x86_64-linux-gnu/libc.so.6 at 0x00007f30fe839000

R8 =0x0000000000000000
0x0000000000000000 is pointing to unknown location

R9 =0x00007f30febc8228
0x00007f30febc8228: <offset 0x38f228> in /lib/x86_64-linux-gnu/libc.so.6 at 0x00007f30fe839000

R10=0x00007f30fe6e01b0
0x00007f30fe6e01b0: <offset 0x9b11b0> in /usr/lib/jvm/java-6-sun-1.6.0.24/jre/lib/amd64/server/libjvm.so at 0x00007f30fdd2f000

R11=0x0000000000000005
0x0000000000000005 is pointing to unknown location

R12=0x0000000042d84960
0x0000000042d84960 is pointing to unknown location

R13=0x000000006f37c658
0x000000006f37c658 is pointing to unknown location

R14=0x00007f30eca2aec0
0x00007f30eca2aec0 is pointing to unknown location

R15=0x0000000000000046
0x0000000000000046 is pointing to unknown location


Top of Stack: (sp=0x00007f30f35d7c50)
0x00007f30f35d7c50:   00000000f35d7c70 00007f30ecbe7f50
0x00007f30f35d7c60:   00007f30eca2aec0 0000000000000000
0x00007f30f35d7c70:   000000006f37c658 00007f30f35d7ce0
0x00007f30f35d7c80:   0000000000000046 00007f30fcb13584
0x00007f30f35d7c90:   00007f30ec676800 00007f30f35d7ce0
0x00007f30f35d7ca0:   00007f30ec6769c8 0000000000000046
0x00007f30f35d7cb0:   00007f30f35d8138 0000000000000046
0x00007f30f35d7cc0:   0000000000000001 00007f30fcb0b757
0x00007f30f35d7cd0:   00007f30f35d7ce0 00007f30eca2aec0
0x00007f30f35d7ce0:   697270732f67726f 77656d617266676e
0x00007f30f35d7cf0:   6e6165622f6b726f 726f746361662f73
0x00007f30f35d7d00:   6769666e6f632f79 756769666e6f432f
0x00007f30f35d7d10:   616542656c626172 79726f746361466e
0x00007f30f35d7d20:   00007373616c632e 00007f30fe187617
0x00007f30f35d7d30:   00000002fcb150a0 0000000041fe7188
0x00007f30f35d7d40:   00007f30f35d7ee0 00007f30ec6769c8
0x00007f30f35d7d50:   0000000041fe7190 0000001300000011
0x00007f30f35d7d60:   00007f30fe6c82d0 0000000041fe7198
0x00007f30f35d7d70:   00000000f35d7e20 00007f30fdf83925
0x00007f30f35d7d80:   0000000000000000 0000000041fe7100
0x00007f30f35d7d90:   0000000041fe7190 00000000b019c550
0x00007f30f35d7da0:   00000000b1165e68 00000000f3acb528
0x00007f30f35d7db0:   00000000c02a0388 00007f30f9bb1fde
0x00007f30f35d7dc0:   00000000f3ac9988 00007f30f9bce4d0
0x00007f30f35d7dd0:   00007f30f9b24313 00007f30000000e0
0x00007f30f35d7de0:   0000000000000480 00007f30fe0101c0
0x00007f30f35d7df0:   00000000f3ac9780 00007f30f35d7da8
0x00007f30f35d7e00:   00007f30f35d7de9 0000000800000002
0x00007f30f35d7e10:   00007f30f35d7e00 00007f30f9b0d929
0x00007f30f35d7e20:   00007f30ecb733d0 00007f30f4bcb9d0
0x00007f30f35d7e30:   00007f30f4bcf0d0 00007f30f4bd39b8
0x00007f30f35d7e40:   6e6165622f6b726f 00007f30f35d7ea0 

Instructions: (pc=0x00007f30fcb131b0)
0x00007f30fcb131a0:   84 32 02 00 00 8b 6b 04 49 03 6e 18 49 2b 6e 28
0x00007f30fcb131b0:   0f b6 45 1d 44 0f b6 6d 1c 44 0f b6 7d 1e 0f b6 

Stack: [0x00007f30f34dd000,0x00007f30f35de000],  sp=0x00007f30f35d7c50,  free space=1003k
Native frames: (J=compiled Java code, j=interpreted, Vv=VM code, C=native code)
C  [libzip.so+0xb1b0]

Java frames: (J=compiled Java code, j=interpreted, Vv=VM code)
J  java.util.zip.ZipFile.getEntry(JLjava/lang/String;Z)J
J  java.util.zip.ZipFile.getEntry(Ljava/lang/String;)Ljava/util/zip/ZipEntry;
J  sun.misc.URLClassPath.getResource(Ljava/lang/String;Z)Lsun/misc/Resource;
J  java.net.URLClassLoader$1.run()Ljava/lang/Object;
v  ~StubRoutines::call_stub
J  java.security.AccessController.doPrivileged(Ljava/security/PrivilegedExceptionAction;Ljava/security/AccessControlContext;)Ljava/lang/Object;
J  java.net.URLClassLoader.findClass(Ljava/lang/String;)Ljava/lang/Class;
j  org.mortbay.jetty.webapp.WebAppClassLoader.loadClass(Ljava/lang/String;Z)Ljava/lang/Class;+96
j  org.mortbay.jetty.webapp.WebAppClassLoader.loadClass(Ljava/lang/String;)Ljava/lang/Class;+3
v  ~StubRoutines::call_stub
j  java.lang.ClassLoader.defineClass1(Ljava/lang/String;[BIILjava/security/ProtectionDomain;Ljava/lang/String;Z)Ljava/lang/Class;+0
j  java.lang.ClassLoader.defineClassCond(Ljava/lang/String;[BIILjava/security/ProtectionDomain;Z)Ljava/lang/Class;+32
j  java.lang.ClassLoader.defineClass(Ljava/lang/String;[BIILjava/security/ProtectionDomain;)Ljava/lang/Class;+9
j  java.security.SecureClassLoader.defineClass(Ljava/lang/String;[BIILjava/security/CodeSource;)Ljava/lang/Class;+27
j  java.net.URLClassLoader.defineClass(Ljava/lang/String;Lsun/misc/Resource;Z)Ljava/lang/Class;+369
J  java.net.URLClassLoader$1.run()Ljava/lang/Object;
v  ~StubRoutines::call_stub
J  java.security.AccessController.doPrivileged(Ljava/security/PrivilegedExceptionAction;Ljava/security/AccessControlContext;)Ljava/lang/Object;
J  java.net.URLClassLoader.findClass(Ljava/lang/String;)Ljava/lang/Class;
j  org.mortbay.jetty.webapp.WebAppClassLoader.loadClass(Ljava/lang/String;Z)Ljava/lang/Class;+96
j  org.mortbay.jetty.webapp.WebAppClassLoader.loadClass(Ljava/lang/String;)Ljava/lang/Class;+3
v  ~StubRoutines::call_stub
j  java.lang.Class.getDeclaredConstructors0(Z)[Ljava/lang/reflect/Constructor;+0
j  java.lang.Class.privateGetDeclaredConstructors(Z)[Ljava/lang/reflect/Constructor;+87
j  java.lang.Class.getConstructor0([Ljava/lang/Class;I)Ljava/lang/reflect/Constructor;+10
j  java.lang.Class.getDeclaredConstructor([Ljava/lang/Class;)Ljava/lang/reflect/Constructor;+11
j  org.springframework.beans.BeanUtils.instantiateClass(Ljava/lang/Class;)Ljava/lang/Object;+29
j  org.springframework.web.context.ContextLoader.createWebApplicationContext(Ljavax/servlet/ServletContext;Lorg/springframework/context/ApplicationContext;)Lorg/springframework/web/context/WebApplicationContext;+61
j  org.springframework.web.context.ContextLoader.initWebApplicationContext(Ljavax/servlet/ServletContext;)Lorg/springframework/web/context/WebApplicationContext;+69
j  org.springframework.web.context.ContextLoaderListener.contextInitialized(Ljavax/servlet/ServletContextEvent;)V+28
j  org.mortbay.jetty.handler.ContextHandler.startContext()V+62
j  org.mortbay.jetty.servlet.Context.startContext()V+1
j  org.mortbay.jetty.webapp.WebAppContext.startContext()V+123
j  org.mortbay.jetty.handler.ContextHandler.doStart()V+140
j  org.mortbay.jetty.webapp.WebAppContext.doStart()V+217
j  org.mortbay.jetty.plugin.Jetty6PluginWebAppContext.doStart()V+6
j  org.mortbay.component.AbstractLifeCycle.start()V+31
j  org.mortbay.jetty.plugin.AbstractJettyRunMojo.restartWebApp(Z)V+186
j  org.mortbay.jetty.plugin.AbstractJettyRunMojo$1.filesChanged(Ljava/util/List;)V+25
j  org.mortbay.util.Scanner.reportBulkChanges(Ljava/util/List;)V+38
j  org.mortbay.util.Scanner.reportDifferences(Ljava/util/Map;Ljava/util/Map;)V+345
j  org.mortbay.util.Scanner.scan()V+13
j  org.mortbay.util.Scanner$1.run()V+4
j  java.util.TimerThread.mainLoop()V+221
j  java.util.TimerThread.run()V+1
v  ~StubRoutines::call_stub

---------------  P R O C E S S  ---------------

Java Threads: ( => current thread )
  0x0000000042062000 JavaThread "Timer-6" daemon [_thread_blocked, id=25117, stack(0x00007f30f3954000,0x00007f30f3a55000)]
=>0x00007f30ec676800 JavaThread "Timer-1" daemon [_thread_in_native, id=24678, stack(0x00007f30f34dd000,0x00007f30f35de000)]
  0x00007f30ecf67800 JavaThread "StopJettyPluginMonitor" daemon [_thread_in_native, id=24677, stack(0x00007f30f35de000,0x00007f30f36df000)]
  0x00007f30eca26800 JavaThread "386164770@qtp-1072624107-1 - Acceptor0 SelectChannelConnector@0.0.0.0:8080" [_thread_in_native, id=24675, stack(0x00007f30f3a55000,0x00007f30f3b56000)]
  0x00007f30ec6f0800 JavaThread "1167842149@qtp-1072624107-0" [_thread_blocked, id=24674, stack(0x00007f30f3b56000,0x00007f30f3c57000)]
  0x00007f30ec51c800 JavaThread "resolver-5" daemon [_thread_blocked, id=24557, stack(0x00007f30f3c57000,0x00007f30f3d58000)]
  0x00007f30ec4d5000 JavaThread "resolver-4" daemon [_thread_blocked, id=24556, stack(0x00007f30f3d58000,0x00007f30f3e59000)]
  0x00007f30ec498000 JavaThread "resolver-3" daemon [_thread_blocked, id=24555, stack(0x00007f30f3eff000,0x00007f30f4000000)]
  0x00007f30ec4c2000 JavaThread "resolver-2" daemon [_thread_blocked, id=24554, stack(0x00007f30f83c8000,0x00007f30f84c9000)]
  0x00007f30ec491000 JavaThread "resolver-1" daemon [_thread_blocked, id=24553, stack(0x00007f30f800a000,0x00007f30f810b000)]
  0x00007f30f4070800 JavaThread "Low Memory Detector" daemon [_thread_blocked, id=24515, stack(0x00007f30f860c000,0x00007f30f870d000)]
  0x00007f30f406e000 JavaThread "CompilerThread1" daemon [_thread_blocked, id=24514, stack(0x00007f30f870d000,0x00007f30f880e000)]
  0x00007f30f406b000 JavaThread "CompilerThread0" daemon [_thread_blocked, id=24513, stack(0x00007f30f880e000,0x00007f30f890f000)]
  0x00007f30f4069000 JavaThread "Signal Dispatcher" daemon [_thread_blocked, id=24512, stack(0x00007f30f890f000,0x00007f30f8a10000)]
  0x00007f30f404c800 JavaThread "Finalizer" daemon [_thread_blocked, id=24511, stack(0x00007f30f8cb5000,0x00007f30f8db6000)]
  0x00007f30f404a800 JavaThread "Reference Handler" daemon [_thread_blocked, id=24510, stack(0x00007f30f8db6000,0x00007f30f8eb7000)]
  0x0000000041fc8000 JavaThread "main" [_thread_blocked, id=24506, stack(0x00007f30fd9a9000,0x00007f30fdaaa000)]

Other Threads:
  0x00007f30f4043800 VMThread [stack: 0x00007f30f8eb7000,0x00007f30f8fb8000] [id=24509]
  0x00007f30f407b800 WatcherThread [stack: 0x00007f30f850b000,0x00007f30f860c000] [id=24516]

VM state:not at safepoint (normal execution)

VM Mutex/Monitor currently owned by a thread: None

Heap
 PSYoungGen      total 202944K, used 152823K [0x00000000eaab0000, 0x00000000f7a70000, 0x0000000100000000)
  eden space 194176K, 76% used [0x00000000eaab0000,0x00000000f3bc1120,0x00000000f6850000)
  from space 8768K, 48% used [0x00000000f71e0000,0x00000000f760cda0,0x00000000f7a70000)
  to   space 9280K, 0% used [0x00000000f6850000,0x00000000f6850000,0x00000000f7160000)
 PSOldGen        total 42048K, used 11760K [0x00000000c0000000, 0x00000000c2910000, 0x00000000eaab0000)
  object space 42048K, 27% used [0x00000000c0000000,0x00000000c0b7c1b0,0x00000000c2910000)
 PSPermGen       total 50816K, used 50755K [0x00000000b0000000, 0x00000000b31a0000, 0x00000000c0000000)
  object space 50816K, 99% used [0x00000000b0000000,0x00000000b3190f38,0x00000000b31a0000)

Dynamic libraries:
40000000-40009000 r-xp 00000000 08:02 2235885                            /usr/lib/jvm/java-6-sun-1.6.0.24/jre/bin/java
40108000-4010a000 rwxp 00008000 08:02 2235885                            /usr/lib/jvm/java-6-sun-1.6.0.24/jre/bin/java
41fbf000-43f76000 rwxp 00000000 00:00 0                                  [heap]
b0000000-b31a0000 rwxp 00000000 00:00 0 
b31a0000-c0000000 rwxp 00000000 00:00 0 
c0000000-c2910000 rwxp 00000000 00:00 0 
c2910000-eaab0000 rwxp 00000000 00:00 0 
eaab0000-f7a70000 rwxp 00000000 00:00 0 
f7a70000-f7b70000 ---p 00000000 00:00 0 
f7b70000-100000000 rwxp 00000000 00:00 0 
7f30ec000000-7f30edd72000 rwxp 00000000 00:00 0 
7f30edd72000-7f30f0000000 ---p 00000000 00:00 0 
7f30f34dd000-7f30f34e0000 ---p 00000000 00:00 0 
7f30f34e0000-7f30f35de000 rwxp 00000000 00:00 0 
7f30f35de000-7f30f35e1000 ---p 00000000 00:00 0 
7f30f35e1000-7f30f36df000 rwxp 00000000 00:00 0 
7f30f36df000-7f30f36e1000 r-xs 00003000 08:05 25526367                   /workarea/home/fritz/Settings/Maven/repository/org/mortbay/jetty/start/6.1.24/start-6.1.24.jar
7f30f36e1000-7f30f36e2000 r-xs 00002000 08:05 24641727                   /workarea/home/fritz/Settings/Maven/repository/org/apache/geronimo/specs/geronimo-annotation_1.0_spec/1.0/geronimo-annotation_1.0_spec-1.0.jar
7f30f36e2000-7f30f36e4000 r-xs 00002000 08:05 28543082                   /workarea/home/fritz/Settings/Maven/repository/org/mortbay/jetty/jetty-annotations/6.1.24/jetty-annotations-6.1.24.jar
7f30f36e4000-7f30f36f3000 r-xs 000ee000 08:05 25977586                   /workarea/home/fritz/Settings/Maven/repository/ant/ant/1.6.5/ant-1.6.5.jar
7f30f36f3000-7f30f3701000 r-xs 0018b000 08:05 26043313                   /workarea/home/fritz/Settings/Maven/repository/org/eclipse/jdt/core/compiler/ecj/3.5.1/ecj-3.5.1.jar
7f30f3795000-7f30f379d000 r-xs 00115000 08:02 2239949                    /usr/lib/jvm/java-6-sun-1.6.0.24/jre/lib/resources.jar
7f30f379d000-7f30f37a6000 r-xs 00046000 08:05 2818068                    /workarea/home/fritz/Settings/Maven/repository/org/springframework/spring-aop/3.0.5.RELEASE/spring-aop-3.0.5.RELEASE.jar
7f30f37a6000-7f30f37ad000 r-xs 00032000 08:05 26075597                   /workarea/home/fritz/Settings/Maven/repository/org/springframework/spring-tx/3.0.5.RELEASE/spring-tx-3.0.5.RELEASE.jar
7f30f37ad000-7f30f37b3000 r-xs 0002d000 08:05 26060717                   /workarea/home/fritz/Settings/Maven/repository/org/springframework/spring-test/3.0.5.RELEASE/spring-test-3.0.5.RELEASE.jar
7f30f37b3000-7f30f37b6000 r-xs 00016000 08:05 26060718                   /workarea/home/fritz/Settings/Maven/repository/org/springframework/spring-context-support/3.0.5.RELEASE/spring-context-support-3.0.5.RELEASE.jar
7f30f37b6000-7f30f37b8000 r-xs 0000d000 08:05 26083924                   /workarea/home/fritz/Settings/Maven/repository/commons-logging/commons-logging/1.1.1/commons-logging-1.1.1.jar
7f30f37b8000-7f30f37c1000 r-xs 00055000 08:05 25043167                   /workarea/home/fritz/Settings/Maven/repository/org/springframework/spring-core/3.0.5.RELEASE/spring-core-3.0.5.RELEASE.jar
7f30f37c1000-7f30f37c2000 r-xs 0000c000 08:05 26075522                   /workarea/home/fritz/Settings/Maven/repository/org/springframework/spring-asm/3.0.5.RELEASE/spring-asm-3.0.5.RELEASE.jar
7f30f37c2000-7f30f37c6000 r-xs 00026000 08:05 2834473                    /workarea/home/fritz/Settings/Maven/repository/org/springframework/spring-expression/3.0.5.RELEASE/spring-expression-3.0.5.RELEASE.jar
7f30f37c6000-7f30f37d8000 r-xs 00092000 08:05 25501909                   /workarea/home/fritz/Settings/Maven/repository/org/springframework/spring-context/3.0.5.RELEASE/spring-context-3.0.5.RELEASE.jar
7f30f37d8000-7f30f37e4000 r-xs 0007c000 08:05 18727075                   /workarea/home/fritz/Settings/Maven/repository/org/springframework/spring-beans/3.0.5.RELEASE/spring-beans-3.0.5.RELEASE.jar
7f30f37e4000-7f30f37e6000 r-xs 00000000 08:05 26083852                   /workarea/home/fritz/Settings/Maven/repository/aopalliance/aopalliance/1.0/aopalliance-1.0.jar
7f30f37e6000-7f30f37f0000 r-xs 00057000 08:05 2949175                    /workarea/home/fritz/Settings/Maven/repository/org/springframework/spring-web/3.0.5.RELEASE/spring-web-3.0.5.RELEASE.jar
7f30f37f0000-7f30f37f2000 r-xs 00005000 08:05 26271801                   /workarea/home/fritz/Settings/Maven/repository/org/slf4j/slf4j-api/1.6.1/slf4j-api-1.6.1.jar
7f30f37f2000-7f30f37f4000 r-xs 00006000 08:05 26059001                   /workarea/home/fritz/Settings/Maven/repository/com/google/code/findbugs/jsr305/1.3.7/jsr305-1.3.7.jar
7f30f37f4000-7f30f37f5000 r-xs 00000000 08:05 26083404                   /workarea/home/fritz/Settings/Maven/repository/javax/inject/javax.inject/1/javax.inject-1.jar
7f30f37f5000-7f30f37fd000 r-xs 00045000 08:05 27402294                   /workarea/home/fritz/Settings/Maven/repository/ch/qos/logback/logback-core/0.9.28/logback-core-0.9.28.jar
7f30f37fd000-7f30f3802000 r-xs 00037000 08:05 26011446                   /workarea/home/fritz/Settings/Maven/repository/ch/qos/logback/logback-classic/0.9.28/logback-classic-0.9.28.jar
7f30f3802000-7f30f3832000 r-xs 00403000 08:05 23151435                   /workarea/home/fritz/Settings/Maven/repository/com/vaadin/vaadin/6.6.1/vaadin-6.6.1.jar
7f30f3832000-7f30f383c000 r-xs 00057000 08:05 1246661                    /workarea/home/fritz/Business/Tidalwave/Projects/WorkAreas/NorthernWind/northernwind~src/modules/VaadinWebApp/target/it.tidalwave.northernwind.module1-1.0-ALPHA-1-SNAPSHOT.null/WEB-INF/lib/spring-web-3.0.5.RELEASE.jar
7f30f383c000-7f30f383e000 r-xs 00000000 08:05 1246663                    /workarea/home/fritz/Business/Tidalwave/Projects/WorkAreas/NorthernWind/northernwind~src/modules/VaadinWebApp/target/it.tidalwave.northernwind.module1-1.0-ALPHA-1-SNAPSHOT.null/WEB-INF/lib/aopalliance-1.0.jar
7f30f383e000-7f30f3847000 r-xs 00055000 08:05 1246668                    /workarea/home/fritz/Business/Tidalwave/Projects/WorkAreas/NorthernWind/northernwind~src/modules/VaadinWebApp/target/it.tidalwave.northernwind.module1-1.0-ALPHA-1-SNAPSHOT.null/WEB-INF/lib/spring-core-3.0.5.RELEASE.jar
7f30f3847000-7f30f384e000 r-xs 00032000 08:05 1246707                    /workarea/home/fritz/Business/Tidalwave/Projects/WorkAreas/NorthernWind/northernwind~src/modules/VaadinWebApp/target/it.tidalwave.northernwind.module1-1.0-ALPHA-1-SNAPSHOT.null/WEB-INF/lib/spring-tx-3.0.5.RELEASE.jar
7f30f384e000-7f30f384f000 r-xs 0000c000 08:05 1246667                    /workarea/home/fritz/Business/Tidalwave/Projects/WorkAreas/NorthernWind/northernwind~src/modules/VaadinWebApp/target/it.tidalwave.northernwind.module1-1.0-ALPHA-1-SNAPSHOT.null/WEB-INF/lib/spring-asm-3.0.5.RELEASE.jar
7f30f384f000-7f30f3853000 r-xs 00019000 08:05 1246710                    /workarea/home/fritz/Business/Tidalwave/Projects/WorkAreas/NorthernWind/northernwind~src/modules/VaadinWebApp/target/it.tidalwave.northernwind.module1-1.0-ALPHA-1-SNAPSHOT.null/WEB-INF/lib/aspectjrt-1.6.11.jar
7f30f3853000-7f30f3858000 r-xs 00037000 08:05 1246644                    /workarea/home/fritz/Business/Tidalwave/Projects/WorkAreas/NorthernWind/northernwind~src/modules/VaadinWebApp/target/it.tidalwave.northernwind.module1-1.0-ALPHA-1-SNAPSHOT.null/WEB-INF/lib/logback-classic-0.9.28.jar
7f30f3858000-7f30f385a000 r-xs 00007000 08:05 1246675                    /workarea/home/fritz/Business/Tidalwave/Projects/WorkAreas/NorthernWind/northernwind~src/modules/VaadinWebApp/target/it.tidalwave.northernwind.module1-1.0-ALPHA-1-SNAPSHOT.null/WEB-INF/lib/spring-aspects-3.0.5.RELEASE.jar
7f30f385a000-7f30f385d000 r-xs 00016000 08:05 1246703                    /workarea/home/fritz/Business/Tidalwave/Projects/WorkAreas/NorthernWind/northernwind~src/modules/VaadinWebApp/target/it.tidalwave.northernwind.module1-1.0-ALPHA-1-SNAPSHOT.null/WEB-INF/lib/spring-context-support-3.0.5.RELEASE.jar
7f30f385d000-7f30f386f000 r-xs 00092000 08:05 1246665                    /workarea/home/fritz/Business/Tidalwave/Projects/WorkAreas/NorthernWind/northernwind~src/modules/VaadinWebApp/target/it.tidalwave.northernwind.module1-1.0-ALPHA-1-SNAPSHOT.null/WEB-INF/lib/spring-context-3.0.5.RELEASE.jar
7f30f386f000-7f30f3871000 r-xs 0000d000 08:05 1246672                    /workarea/home/fritz/Business/Tidalwave/Projects/WorkAreas/NorthernWind/northernwind~src/modules/VaadinWebApp/target/it.tidalwave.northernwind.module1-1.0-ALPHA-1-SNAPSHOT.null/WEB-INF/lib/commons-logging-1.1.1.jar
7f30f3871000-7f30f3875000 r-xs 00026000 08:05 1246666                    /workarea/home/fritz/Business/Tidalwave/Projects/WorkAreas/NorthernWind/northernwind~src/modules/VaadinWebApp/target/it.tidalwave.northernwind.module1-1.0-ALPHA-1-SNAPSHOT.null/WEB-INF/lib/spring-expression-3.0.5.RELEASE.jar
7f30f3875000-7f30f3881000 r-xs 0007c000 08:05 1246664                    /workarea/home/fritz/Business/Tidalwave/Projects/WorkAreas/NorthernWind/northernwind~src/modules/VaadinWebApp/target/it.tidalwave.northernwind.module1-1.0-ALPHA-1-SNAPSHOT.null/WEB-INF/lib/spring-beans-3.0.5.RELEASE.jar
7f30f3881000-7f30f388a000 r-xs 00046000 08:05 1246709                    /workarea/home/fritz/Business/Tidalwave/Projects/WorkAreas/NorthernWind/northernwind~src/modules/VaadinWebApp/target/it.tidalwave.northernwind.module1-1.0-ALPHA-1-SNAPSHOT.null/WEB-INF/lib/spring-aop-3.0.5.RELEASE.jar
7f30f388a000-7f30f388b000 r-xs 00000000 08:05 1246646                    /workarea/home/fritz/Business/Tidalwave/Projects/WorkAreas/NorthernWind/northernwind~src/modules/VaadinWebApp/target/it.tidalwave.northernwind.module1-1.0-ALPHA-1-SNAPSHOT.null/WEB-INF/lib/javax.inject-1.jar
7f30f388b000-7f30f38bb000 r-xs 00403000 08:05 1246643                    /workarea/home/fritz/Business/Tidalwave/Projects/WorkAreas/NorthernWind/northernwind~src/modules/VaadinWebApp/target/it.tidalwave.northernwind.module1-1.0-ALPHA-1-SNAPSHOT.null/WEB-INF/lib/vaadin-6.6.1.jar
7f30f38bb000-7f30f38bd000 r-xs 00006000 08:05 1246648                    /workarea/home/fritz/Business/Tidalwave/Projects/WorkAreas/NorthernWind/northernwind~src/modules/VaadinWebApp/target/it.tidalwave.northernwind.module1-1.0-ALPHA-1-SNAPSHOT.null/WEB-INF/lib/jsr305-1.3.7.jar
7f30f38bd000-7f30f38bf000 r-xs 00005000 08:05 1246649                    /workarea/home/fritz/Business/Tidalwave/Projects/WorkAreas/NorthernWind/northernwind~src/modules/VaadinWebApp/target/it.tidalwave.northernwind.module1-1.0-ALPHA-1-SNAPSHOT.null/WEB-INF/lib/slf4j-api-1.6.1.jar
7f30f38bf000-7f30f38c7000 r-xs 00045000 08:05 1246645                    /workarea/home/fritz/Business/Tidalwave/Projects/WorkAreas/NorthernWind/northernwind~src/modules/VaadinWebApp/target/it.tidalwave.northernwind.module1-1.0-ALPHA-1-SNAPSHOT.null/WEB-INF/lib/logback-core-0.9.28.jar
7f30f38c7000-7f30f38cd000 r-xs 0002d000 08:05 1246705                    /workarea/home/fritz/Business/Tidalwave/Projects/WorkAreas/NorthernWind/northernwind~src/modules/VaadinWebApp/target/it.tidalwave.northernwind.module1-1.0-ALPHA-1-SNAPSHOT.null/WEB-INF/lib/spring-test-3.0.5.RELEASE.jar
7f30f38cd000-7f30f38de000 r-xs 000ea000 08:05 24994019                   /workarea/home/fritz/Settings/Maven/repository/org/mortbay/jetty/jsp-2.1-glassfish/2.1.v20091210/jsp-2.1-glassfish-2.1.v20091210.jar
7f30f38de000-7f30f38e2000 r-xs 0001e000 08:05 25141411                   /workarea/home/fritz/Settings/Maven/repository/org/mortbay/jetty/jsp-api-2.1-glassfish/2.1.v20091210/jsp-api-2.1-glassfish-2.1.v20091210.jar
7f30f38e2000-7f30f3905000 r-xs 00344000 08:05 24994021                   /workarea/home/fritz/Settings/Maven/repository/org/eclipse/jdt/core/3.1.1/core-3.1.1.jar
7f30f3905000-7f30f3907000 r-xs 00000000 08:05 25100411                   /workarea/home/fritz/Settings/Maven/repository/org/mortbay/jetty/jsp-2.1-jetty/6.1.24/jsp-2.1-jetty-6.1.24.jar
7f30f3907000-7f30f3909000 r-xs 00007000 08:05 25346150                   /workarea/home/fritz/Settings/Maven/repository/org/mortbay/jetty/jetty-management/6.1.24/jetty-management-6.1.24.jar
7f30f3909000-7f30f390f000 r-xs 00059000 08:05 26083332                   /workarea/home/fritz/Settings/Maven/repository/javax/mail/mail/1.4/mail-1.4.jar
7f30f390f000-7f30f3910000 r-xs 00006000 08:05 25067624                   /workarea/home/fritz/Settings/Maven/repository/org/mortbay/jetty/jetty-naming/6.1.24/jetty-naming-6.1.24.jar
7f30f3910000-7f30f3912000 r-xs 00002000 08:05 26011536                   /workarea/home/fritz/Settings/Maven/repository/geronimo-spec/geronimo-spec-jta/1.0.1B-rc4/geronimo-spec-jta-1.0.1B-rc4.jar
7f30f3912000-7f30f3914000 r-xs 0000d000 08:05 24780867                   /workarea/home/fritz/Settings/Maven/repository/org/mortbay/jetty/jetty-plus/6.1.24/jetty-plus-6.1.24.jar
7f30f3914000-7f30f3916000 r-xs 00004000 08:05 24764626                   /workarea/home/fritz/Settings/Maven/repository/org/apache/maven/maven-plugin-tools-api/2.0/maven-plugin-tools-api-2.0.jar
7f30f3916000-7f30f3919000 r-xs 0001b000 08:05 26083792                   /workarea/home/fritz/Settings/Maven/repository/junit/junit/3.8.2/junit-3.8.2.jar
7f30f3919000-7f30f391c000 r-xs 00027000 08:05 26043700                   /workarea/home/fritz/Settings/Maven/repository/org/codehaus/plexus/plexus-utils/1.1/plexus-utils-1.1.jar
7f30f391c000-7f30f391e000 r-xs 0001f000 08:05 25199018                   /workarea/home/fritz/Settings/Maven/repository/org/mortbay/jetty/servlet-api/2.5-20081211/servlet-api-2.5-20081211.jar
7f30f391e000-7f30f3922000 r-xs 00028000 08:05 25706544                   /workarea/home/fritz/Settings/Maven/repository/org/mortbay/jetty/jetty-util/6.1.24/jetty-util-6.1.24.jar
7f30f3922000-7f30f3929000 r-xs 0007d000 08:05 24780866                   /workarea/home/fritz/Settings/Maven/repository/org/mortbay/jetty/jetty/6.1.24/jetty-6.1.24.jar
7f30f3929000-7f30f392b000 r-xs 0000a000 08:05 25116748                   /workarea/home/fritz/Settings/Maven/repository/org/mortbay/jetty/maven-jetty-plugin/6.1.24/maven-jetty-plugin-6.1.24.jar
7f30f392b000-7f30f392f000 r-xs 00019000 08:05 26011613                   /workarea/home/fritz/Settings/Maven/repository/org/aspectj/aspectjrt/1.6.11/aspectjrt-1.6.11.jar
7f30f3938000-7f30f393b000 r-xs 000cb000 08:02 2265139                    /usr/lib/jvm/java-6-sun-1.6.0.24/jre/lib/ext/localedata.jar
7f30f393b000-7f30f393d000 r-xs 00007000 08:05 26026826                   /workarea/home/fritz/Settings/Maven/repository/org/apache/maven/shared/maven-filtering/1.0-beta-2/maven-filtering-1.0-beta-2.jar
7f30f393d000-7f30f393f000 r-xs 00005000 08:05 26083969                   /workarea/home/fritz/Settings/Maven/repository/xpp3/xpp3_min/1.1.4c/xpp3_min-1.1.4c.jar
7f30f393f000-7f30f394a000 r-xs 0005f000 08:05 26314446                   /workarea/home/fritz/Settings/Maven/repository/com/thoughtworks/xstream/xstream/1.3.1/xstream-1.3.1.jar
7f30f394a000-7f30f394d000 r-xs 0000a000 08:05 26214929                   /workarea/home/fritz/Settings/Maven/repository/org/codehaus/plexus/plexus-io/1.0.1/plexus-io-1.0.1.jar
7f30f394d000-7f30f3951000 r-xs 00029000 08:05 26314447                   /workarea/home/fritz/Settings/Maven/repository/org/codehaus/plexus/plexus-archiver/1.2/plexus-archiver-1.2.jar
7f30f3951000-7f30f3952000 r-xs 00004000 08:05 26026516                   /workarea/home/fritz/Settings/Maven/repository/org/apache/maven/maven-archiver/2.4.1/maven-archiver-2.4.1.jar
7f30f3952000-7f30f3954000 r-xs 00011000 08:05 24625414                   /workarea/home/fritz/Settings/Maven/repository/org/apache/maven/plugins/maven-war-plugin/2.1.1/maven-war-plugin-2.1.1.jar
7f30f3954000-7f30f3957000 ---p 00000000 00:00 0 
7f30f3957000-7f30f3a55000 rwxp 00000000 00:00 0 
7f30f3a55000-7f30f3a58000 ---p 00000000 00:00 0 
7f30f3a58000-7f30f3b56000 rwxp 00000000 00:00 0 
7f30f3b56000-7f30f3b59000 ---p 00000000 00:00 0 
7f30f3b59000-7f30f3c57000 rwxp 00000000 00:00 0 
7f30f3c57000-7f30f3c5a000 ---p 00000000 00:00 0 
7f30f3c5a000-7f30f3d58000 rwxp 00000000 00:00 0 
7f30f3d58000-7f30f3d5b000 ---p 00000000 00:00 0 
7f30f3d5b000-7f30f3e59000 rwxp 00000000 00:00 0 
7f30f3e59000-7f30f3e5d000 r-xs 00033000 08:05 26305334                   /workarea/home/fritz/Settings/Maven/repository/org/codehaus/plexus/plexus-utils/2.0.7/plexus-utils-2.0.7.jar
7f30f3e5d000-7f30f3e5f000 r-xs 00006000 08:05 25485425                   /workarea/home/fritz/Settings/Maven/repository/org/apache/maven/shared/maven-common-artifact-filters/1.3/maven-common-artifact-filters-1.3.jar
7f30f3e5f000-7f30f3e61000 r-xs 0000d000 08:05 26061108                   /workarea/home/fritz/Settings/Maven/repository/org/apache/maven/surefire/maven-surefire-common/2.8.1/maven-surefire-common-2.8.1.jar
7f30f3e61000-7f30f3e66000 r-xs 0001c000 08:05 26061107                   /workarea/home/fritz/Settings/Maven/repository/org/apache/maven/surefire/surefire-api/2.8.1/surefire-api-2.8.1.jar
7f30f3e66000-7f30f3e68000 r-xs 00007000 08:05 26061106                   /workarea/home/fritz/Settings/Maven/repository/org/apache/maven/surefire/surefire-booter/2.8.1/surefire-booter-2.8.1.jar
7f30f3e68000-7f30f3e6a000 r-xs 00006000 08:05 26060953                   /workarea/home/fritz/Settings/Maven/repository/org/apache/maven/plugins/maven-surefire-plugin/2.8.1/maven-surefire-plugin-2.8.1.jar
7f30f3e6c000-7f30f3e6e000 r-xs 00007000 08:05 26060716                   /workarea/home/fritz/Settings/Maven/repository/org/springframework/spring-aspects/3.0.5.RELEASE/spring-aspects-3.0.5.RELEASE.jar
7f30f3e6e000-7f30f3e6f000 r-xs 00002000 08:05 26044033                   /workarea/home/fritz/Settings/Maven/repository/org/codehaus/plexus/plexus-digest/1.0/plexus-digest-1.0.jar
7f30f3e6f000-7f30f3e73000 r-xs 0002f000 08:05 26083692                   /workarea/home/fritz/Settings/Maven/repository/commons-lang/commons-lang/2.1/commons-lang-2.1.jar
7f30f3e73000-7f30f3e76000 r-xs 0000a000 08:05 26043783                   /workarea/home/fritz/Settings/Maven/repository/org/codehaus/plexus/plexus-io/1.0/plexus-io-1.0.jar
7f30f3e76000-7f30f3e7a000 r-xs 00028000 08:05 26044075                   /workarea/home/fritz/Settings/Maven/repository/org/codehaus/plexus/plexus-archiver/1.0/plexus-archiver-1.0.jar
7f30f3e7a000-7f30f3e7c000 r-xs 00002000 08:05 26314245                   /workarea/home/fritz/Settings/Maven/repository/org/apache/ant/ant-launcher/1.8.1/ant-launcher-1.8.1.jar
7f30f3e7c000-7f30f3e93000 r-xs 0015b000 08:05 26314247                   /workarea/home/fritz/Settings/Maven/repository/org/apache/ant/ant/1.8.1/ant-1.8.1.jar
7f30f3e93000-7f30f3e9a000 r-xs 0005d000 08:05 26314244                   /workarea/home/fritz/Settings/Maven/repository/org/apache/ant/ant-nodeps/1.8.1/ant-nodeps-1.8.1.jar
7f30f3e9a000-7f30f3eff000 r-xs 0081d000 08:05 26075667                   /workarea/home/fritz/Settings/Maven/repository/org/aspectj/aspectjtools/1.6.11/aspectjtools-1.6.11.jar
7f30f3eff000-7f30f3f02000 ---p 00000000 00:00 0 
7f30f3f02000-7f30f4000000 rwxp 00000000 00:00 0 
7f30f4000000-7f30f645a000 rwxp 00000000 00:00 0 
7f30f645a000-7f30f8000000 ---p 00000000 00:00 0 
7f30f8000000-7f30f8001000 r-xs 00005000 08:05 26010841                   /workarea/home/fritz/Settings/Maven/repository/org/apache/maven/plugins/maven-install-plugin/2.3.1/maven-install-plugin-2.3.1.jar
7f30f8001000-7f30f8002000 r-xs 00007000 08:05 26011081                   /workarea/home/fritz/Settings/Maven/repository/org/apache/maven/plugins/maven-jar-plugin/2.3.1/maven-jar-plugin-2.3.1.jar
7f30f8002000-7f30f8004000 r-xs 00007000 08:05 26043903                   /workarea/home/fritz/Settings/Maven/repository/org/codehaus/plexus/plexus-interpolation/1.1/plexus-interpolation-1.1.jar
7f30f8004000-7f30f8008000 r-xs 00019000 08:05 26011613                   /workarea/home/fritz/Settings/Maven/repository/org/aspectj/aspectjrt/1.6.11/aspectjrt-1.6.11.jar
7f30f8008000-7f30f800a000 r-xs 00006000 08:05 25108614                   /workarea/home/fritz/Settings/Maven/repository/org/apache/maven/plugins/maven-antrun-plugin/1.6/maven-antrun-plugin-1.6.jar
7f30f800a000-7f30f800d000 ---p 00000000 00:00 0 
7f30f800d000-7f30f810b000 rwxp 00000000 00:00 0 
7f30f810b000-7f30f810d000 r-xs 00002000 08:05 26044068                   /workarea/home/fritz/Settings/Maven/repository/org/codehaus/plexus/plexus-compiler-javac/1.8.1/plexus-compiler-javac-1.8.1.jar
7f30f810d000-7f30f810f000 r-xs 00000000 08:05 26043941                   /workarea/home/fritz/Settings/Maven/repository/org/codehaus/plexus/plexus-compiler-manager/1.8.1/plexus-compiler-manager-1.8.1.jar
7f30f810f000-7f30f8110000 r-xs 00004000 08:05 26043759                   /workarea/home/fritz/Settings/Maven/repository/org/codehaus/plexus/plexus-compiler-api/1.8.1/plexus-compiler-api-1.8.1.jar
7f30f8110000-7f30f8112000 r-xs 00006000 08:05 26010964                   /workarea/home/fritz/Settings/Maven/repository/org/apache/maven/plugins/maven-compiler-plugin/2.3.2/maven-compiler-plugin-2.3.2.jar
7f30f8112000-7f30f8114000 r-xs 0000d000 08:05 26043894                   /workarea/home/fritz/Settings/Maven/repository/org/codehaus/plexus/plexus-interpolation/1.13/plexus-interpolation-1.13.jar
7f30f8114000-7f30f8116000 r-xs 00009000 08:05 26263825                   /workarea/home/fritz/Settings/Maven/repository/org/apache/maven/shared/maven-filtering/1.0/maven-filtering-1.0.jar
7f30f8116000-7f30f8119000 r-xs 0001b000 08:05 26083827                   /workarea/home/fritz/Settings/Maven/repository/junit/junit/3.8.1/junit-3.8.1.jar
7f30f8119000-7f30f811b000 r-xs 00005000 08:05 26020620                   /workarea/home/fritz/Settings/Maven/repository/org/apache/maven/plugins/maven-resources-plugin/2.5/maven-resources-plugin-2.5.jar
7f30f811b000-7f30f811c000 r-xs 00002000 08:05 26044045                   /workarea/home/fritz/Settings/Maven/repository/org/codehaus/plexus/plexus-i18n/1.0-beta-6/plexus-i18n-1.0-beta-6.jar
7f30f811c000-7f30f8121000 r-xs 00040000 08:05 26058763                   /workarea/home/fritz/Settings/Maven/repository/org/beanshell/bsh/2.0b4/bsh-2.0b4.jar
7f30f8121000-7f30f8123000 r-xs 00006000 08:05 26026857                   /workarea/home/fritz/Settings/Maven/repository/org/apache/maven/shared/maven-common-artifact-filters/1.2/maven-common-artifact-filters-1.2.jar
7f30f8123000-7f30f8125000 r-xs 0000d000 08:05 28516775                   /workarea/home/fritz/Settings/Maven/repository/org/apache/maven/enforcer/enforcer-rules/1.0/enforcer-rules-1.0.jar
7f30f8125000-7f30f8126000 r-xs 00002000 08:05 26020735                   /workarea/home/fritz/Settings/Maven/repository/org/apache/maven/enforcer/enforcer-api/1.0/enforcer-api-1.0.jar
7f30f8126000-7f30f812a000 r-xs 00038000 08:05 26083685                   /workarea/home/fritz/Settings/Maven/repository/commons-lang/commons-lang/2.3/commons-lang-2.3.jar
7f30f812a000-7f30f812f000 r-xs 0003d000 08:05 26043703                   /workarea/home/fritz/Settings/Maven/repository/org/codehaus/plexus/plexus-utils/1.5.8/plexus-utils-1.5.8.jar
7f30f812f000-7f30f8130000 r-xs 00002000 08:05 26018077                   /workarea/home/fritz/Settings/Maven/repository/org/apache/maven/doxia/doxia-sink-api/1.0-alpha-10/doxia-sink-api-1.0-alpha-10.jar
7f30f8130000-7f30f8131000 r-xs 00002000 08:05 26026309                   /workarea/home/fritz/Settings/Maven/repository/org/apache/maven/reporting/maven-reporting-api/2.0.9/maven-reporting-api-2.0.9.jar
7f30f8131000-7f30f8133000 r-xs 00004000 08:05 25329859                   /workarea/home/fritz/Settings/Maven/repository/org/apache/maven/plugins/maven-enforcer-plugin/1.0/maven-enforcer-plugin-1.0.jar
7f30f8133000-7f30f8137000 r-xs 00033000 08:05 26043720                   /workarea/home/fritz/Settings/Maven/repository/org/codehaus/plexus/plexus-utils/2.0.5/plexus-utils-2.0.5.jar
7f30f8137000-7f30f8138000 r-xs 00005000 08:05 26010817                   /workarea/home/fritz/Settings/Maven/repository/org/apache/maven/plugins/maven-clean-plugin/2.4.1/maven-clean-plugin-2.4.1.jar
7f30f8138000-7f30f8142000 r-xs 00080000 08:05 26091723                   /workarea/home/fritz/Settings/Maven/repository/javax/help/javahelp/2.0.05/javahelp-2.0.05.jar
7f30f8142000-7f30f8144000 r-xs 00002000 08:05 26043823                   /workarea/home/fritz/Settings/Maven/repository/org/codehaus/plexus/plexus-interactivity-api/1.0-alpha-4/plexus-interactivity-api-1.0-alpha-4.jar
7f30f8144000-7f30f8146000 r-xs 00006000 08:05 26084342                   /workarea/home/fritz/Settings/Maven/repository/commons-cli/commons-cli/1.0/commons-cli-1.0.jar
7f30f8146000-7f30f8147000 r-xs 00001000 08:05 26018057                   /workarea/home/fritz/Settings/Maven/repository/org/apache/maven/doxia/doxia-sink-api/1.0-alpha-7/doxia-sink-api-1.0-alpha-7.jar
7f30f8147000-7f30f8148000 r-xs 00002000 08:05 26026323                   /workarea/home/fritz/Settings/Maven/repository/org/apache/maven/reporting/maven-reporting-api/2.0.6/maven-reporting-api-2.0.6.jar
7f30f8148000-7f30f8149000 r-xs 00001000 08:05 25994503                   /workarea/home/fritz/Settings/Maven/repository/org/sonatype/plexus/plexus-build-api/0.0.4/plexus-build-api-0.0.4.jar
7f30f8149000-7f30f814b000 r-xs 0000d000 08:05 26043911                   /workarea/home/fritz/Settings/Maven/repository/org/codehaus/plexus/plexus-interpolation/1.12/plexus-interpolation-1.12.jar
7f30f814b000-7f30f814d000 r-xs 00007000 08:05 26026831                   /workarea/home/fritz/Settings/Maven/repository/org/apache/maven/shared/maven-filtering/1.0-beta-3/maven-filtering-1.0-beta-3.jar
7f30f814d000-7f30f814f000 r-xs 00009000 08:05 26084211                   /workarea/home/fritz/Settings/Maven/repository/asm/asm/3.0/asm-3.0.jar
7f30f814f000-7f30f8151000 r-xs 00005000 08:05 26026878                   /workarea/home/fritz/Settings/Maven/repository/org/apache/maven/shared/maven-dependency-analyzer/1.0/maven-dependency-analyzer-1.0.jar
7f30f8151000-7f30f8153000 r-xs 00007000 08:05 26026803                   /workarea/home/fritz/Settings/Maven/repository/org/apache/maven/shared/maven-dependency-tree/1.2/maven-dependency-tree-1.2.jar
7f30f8153000-7f30f815f000 r-xs 00097000 08:05 26010559                   /workarea/home/fritz/Settings/Maven/repository/org/apache/lucene/lucene-core/2.3.2/lucene-core-2.3.2.jar
7f30f815f000-7f30f8161000 r-xs 00006000 08:05 26043807                   /workarea/home/fritz/Settings/Maven/repository/org/codehaus/plexus/plexus-io/1.0-alpha-2/plexus-io-1.0-alpha-2.jar
7f30f8161000-7f30f8165000 r-xs 00027000 08:05 26044104                   /workarea/home/fritz/Settings/Maven/repository/org/codehaus/plexus/plexus-archiver/1.0-alpha-10/plexus-archiver-1.0-alpha-10.jar
7f30f8165000-7f30f8169000 r-xs 00034000 08:05 26043650                   /workarea/home/fritz/Settings/Maven/repository/org/codehaus/plexus/plexus-utils/1.5.15/plexus-utils-1.5.15.jar
7f30f8169000-7f30f816a000 r-xs 00002000 08:05 24052490                   /workarea/home/fritz/Settings/Maven/repository/org/apache/ant/ant-launcher/1.8.0/ant-launcher-1.8.0.jar
7f30f816a000-7f30f8181000 r-xs 00159000 08:05 24010849                   /workarea/home/fritz/Settings/Maven/repository/org/apache/ant/ant/1.8.0/ant-1.8.0.jar
7f30f8181000-7f30f8186000 r-xs 00076000 08:05 26305365                   /workarea/home/fritz/Settings/Maven/repository/org/codehaus/mojo/nbm-maven-plugin/3.5/nbm-maven-plugin-3.5.jar
7f30f8186000-7f30f8189000 r-xs 0002c000 08:05 26043726                   /workarea/home/fritz/Settings/Maven/repository/org/codehaus/plexus/plexus-utils/1.4.2/plexus-utils-1.4.2.jar
7f30f8189000-7f30f818a000 r-xs 00001000 08:05 25994674                   /workarea/home/fritz/Settings/Maven/repository/org/slf4j/slf4j-nop/1.5.3/slf4j-nop-1.5.3.jar
7f30f818a000-7f30f818b000 r-xs 00004000 08:05 25994661                   /workarea/home/fritz/Settings/Maven/repository/org/slf4j/slf4j-api/1.5.3/slf4j-api-1.5.3.jar
7f30f818b000-7f30f8190000 r-xs 0002d000 08:05 26043045                   /workarea/home/fritz/Settings/Maven/repository/org/apache/jackrabbit/jackrabbit-jcr-commons/1.5.0/jackrabbit-jcr-commons-1.5.0.jar
7f30f8190000-7f30f8196000 r-xs 00044000 08:05 26043036                   /workarea/home/fritz/Settings/Maven/repository/org/apache/jackrabbit/jackrabbit-webdav/1.5.0/jackrabbit-webdav-1.5.0.jar
7f30f8196000-7f30f8198000 r-xs 0000d000 08:05 26083924                   /workarea/home/fritz/Settings/Maven/repository/commons-logging/commons-logging/1.1.1/commons-logging-1.1.1.jar
7f30f8198000-7f30f819a000 r-xs 00006000 08:05 26060534                   /workarea/home/fritz/Settings/Maven/repository/commons-codec/commons-codec/1.2/commons-codec-1.2.jar
7f30f819a000-7f30f81a0000 r-xs 00045000 08:05 26058887                   /workarea/home/fritz/Settings/Maven/repository/commons-httpclient/commons-httpclient/3.1/commons-httpclient-3.1.jar
7f30f81a0000-7f30f81a3000 r-xs 00019000 08:05 26083842                   /workarea/home/fritz/Settings/Maven/repository/nekohtml/nekohtml/1.9.6.2/nekohtml-1.9.6.2.jar
7f30f81a3000-7f30f81a5000 r-xs 00008000 08:05 26083847                   /workarea/home/fritz/Settings/Maven/repository/nekohtml/xercesMinimal/1.9.6.2/xercesMinimal-1.9.6.2.jar
7f30f81a5000-7f30f81a7000 r-xs 00005000 08:05 26158050                   /workarea/home/fritz/Settings/Maven/repository/org/apache/maven/wagon/wagon-http-shared/1.0-beta-7/wagon-http-shared-1.0-beta-7.jar
7f30f81a7000-7f30f81a9000 r-xs 00003000 08:05 26158049                   /workarea/home/fritz/Settings/Maven/repository/org/apache/maven/wagon/wagon-webdav-jackrabbit/1.0-beta-7/wagon-webdav-jackrabbit-1.0-beta-7.jar
7f30f81a9000-7f30f81b0000 r-xp 00000000 08:02 2235957                    /usr/lib/jvm/java-6-sun-1.6.0.24/jre/lib/amd64/libnio.so
7f30f81b0000-7f30f82af000 ---p 00007000 08:02 2235957                    /usr/lib/jvm/java-6-sun-1.6.0.24/jre/lib/amd64/libnio.so
7f30f82af000-7f30f82b1000 rwxp 00006000 08:02 2235957                    /usr/lib/jvm/java-6-sun-1.6.0.24/jre/lib/amd64/libnio.so
7f30f82b1000-7f30f82c4000 r-xp 00000000 08:02 2236150                    /usr/lib/jvm/java-6-sun-1.6.0.24/jre/lib/amd64/libnet.so
7f30f82c4000-7f30f83c5000 ---p 00013000 08:02 2236150                    /usr/lib/jvm/java-6-sun-1.6.0.24/jre/lib/amd64/libnet.so
7f30f83c5000-7f30f83c8000 rwxp 00014000 08:02 2236150                    /usr/lib/jvm/java-6-sun-1.6.0.24/jre/lib/amd64/libnet.so
7f30f83c8000-7f30f83cb000 ---p 00000000 00:00 0 
7f30f83cb000-7f30f84c9000 rwxp 00000000 00:00 0 
7f30f84c9000-7f30f84cc000 r-xs 00019000 08:05 25978909                   /workarea/Applications/apache-maven-3.0.2/lib/nekohtml-1.9.6.2.jar
7f30f84cc000-7f30f84cd000 r-xs 00003000 08:05 25978906                   /workarea/Applications/apache-maven-3.0.2/lib/wagon-http-lightweight-1.0-beta-7.jar
7f30f84cd000-7f30f84cf000 r-xs 0000b000 08:05 25978880                   /workarea/Applications/apache-maven-3.0.2/lib/maven-artifact-3.0.2.jar
7f30f84cf000-7f30f84d1000 r-xs 0000d000 08:05 25978875                   /workarea/Applications/apache-maven-3.0.2/lib/plexus-interpolation-1.14.jar
7f30f84d1000-7f30f84d2000 r-xs 00002000 08:05 25978910                   /workarea/Applications/apache-maven-3.0.2/lib/wagon-file-1.0-beta-7.jar
7f30f84d2000-7f30f84de000 r-xs 0007a000 08:05 25978872                   /workarea/Applications/apache-maven-3.0.2/lib/maven-core-3.0.2.jar
7f30f84de000-7f30f84e1000 r-xs 00011000 08:05 25978888                   /workarea/Applications/apache-maven-3.0.2/lib/aether-api-1.9.jar
7f30f84e1000-7f30f84e3000 r-xs 00005000 08:05 25978907                   /workarea/Applications/apache-maven-3.0.2/lib/wagon-http-shared-1.0-beta-7.jar
7f30f84e3000-7f30f84e5000 r-xs 0000c000 08:05 25978887                   /workarea/Applications/apache-maven-3.0.2/lib/maven-aether-provider-3.0.2.jar
7f30f84e5000-7f30f84e8000 r-xs 0000a000 08:05 25978881                   /workarea/Applications/apache-maven-3.0.2/lib/maven-plugin-api-3.0.2.jar
7f30f84e8000-7f30f84ea000 r-xs 00006000 08:05 25978879                   /workarea/Applications/apache-maven-3.0.2/lib/maven-repository-metadata-3.0.2.jar
7f30f84ea000-7f30f84ec000 r-xs 00002000 08:05 25978878                   /workarea/Applications/apache-maven-3.0.2/lib/plexus-cipher-1.4.jar
7f30f84ec000-7f30f84ee000 r-xs 00008000 08:05 25978908                   /workarea/Applications/apache-maven-3.0.2/lib/xercesMinimal-1.9.6.2.jar
7f30f84ee000-7f30f84f3000 r-xs 00020000 08:05 25978885                   /workarea/Applications/apache-maven-3.0.2/lib/maven-model-builder-3.0.2.jar
7f30f84f3000-7f30f84fe000 r-xs 0006a000 08:05 25978884                   /workarea/Applications/apache-maven-3.0.2/lib/sisu-guice-2.9.1-noaop.jar
7f30f84fe000-7f30f84ff000 r-xs 00006000 08:05 25978911                   /workarea/Applications/apache-maven-3.0.2/lib/aether-connector-wagon-1.9.jar
7f30f84ff000-7f30f8500000 r-xs 00006000 08:05 25978877                   /workarea/Applications/apache-maven-3.0.2/lib/plexus-sec-dispatcher-1.3.jar
7f30f8500000-7f30f8502000 r-xs 0000b000 08:05 25978903                   /workarea/Applications/apache-maven-3.0.2/lib/wagon-provider-api-1.0-beta-7.jar
7f30f8502000-7f30f8504000 r-xs 0000a000 08:05 25978870                   /workarea/Applications/apache-maven-3.0.2/lib/maven-settings-3.0.2.jar
7f30f8504000-7f30f850b000 r-xs 0002c000 08:05 25978882                   /workarea/Applications/apache-maven-3.0.2/lib/sisu-inject-plexus-1.4.3.1.jar
7f30f850b000-7f30f850c000 ---p 00000000 00:00 0 
7f30f850c000-7f30f860c000 rwxp 00000000 00:00 0 
7f30f860c000-7f30f860f000 ---p 00000000 00:00 0 
7f30f860f000-7f30f870d000 rwxp 00000000 00:00 0 
7f30f870d000-7f30f8710000 ---p 00000000 00:00 0 
7f30f8710000-7f30f880e000 rwxp 00000000 00:00 0 
7f30f880e000-7f30f8811000 ---p 00000000 00:00 0 
7f30f8811000-7f30f890f000 rwxp 00000000 00:00 0 
7f30f890f000-7f30f8912000 ---p 00000000 00:00 0 
7f30f8912000-7f30f8a10000 rwxp 00000000 00:00 0 
7f30f8a10000-7f30f8cb5000 r-xp 00000000 08:02 2233642                    /usr/lib/locale/locale-archive
7f30f8cb5000-7f30f8cb8000 ---p 00000000 00:00 0 
7f30f8cb8000-7f30f8db6000 rwxp 00000000 00:00 0 
7f30f8db6000-7f30f8db9000 ---p 00000000 00:00 0 
7f30f8db9000-7f30f8eb7000 rwxp 00000000 00:00 0 
7f30f8eb7000-7f30f8eb8000 ---p 00000000 00:00 0 
7f30f8eb8000-7f30f92ef000 rwxp 00000000 00:00 0 
7f30f92ef000-7f30f9487000 r-xs 03027000 08:02 2239953                    /usr/lib/jvm/java-6-sun-1.6.0.24/jre/lib/rt.jar
7f30f9487000-7f30f94af000 rwxp 00000000 00:00 0 
7f30f94af000-7f30f94b0000 ---p 00000000 00:00 0 
7f30f94b0000-7f30f95b0000 rwxp 00000000 00:00 0 
7f30f95b0000-7f30f95b1000 ---p 00000000 00:00 0 
7f30f95b1000-7f30f96ca000 rwxp 00000000 00:00 0 
7f30f96ca000-7f30f9731000 rwxp 00000000 00:00 0 
7f30f9731000-7f30f9746000 rwxp 00000000 00:00 0 
7f30f9746000-7f30f9887000 rwxp 00000000 00:00 0 
7f30f9887000-7f30f98a0000 rwxp 00000000 00:00 0 
7f30f98a0000-7f30f9907000 rwxp 00000000 00:00 0 
7f30f9907000-7f30f991c000 rwxp 00000000 00:00 0 
7f30f991c000-7f30f9a5c000 rwxp 00000000 00:00 0 
7f30f9a5c000-7f30f9ac5000 rwxp 00000000 00:00 0 
7f30f9ac5000-7f30f9b07000 rwxp 00000000 00:00 0 
7f30f9b07000-7f30f9e28000 rwxp 00000000 00:00 0 
7f30f9e28000-7f30fcb08000 rwxp 00000000 00:00 0 
7f30fcb08000-7f30fcb16000 r-xp 00000000 08:02 2238306                    /usr/lib/jvm/java-6-sun-1.6.0.24/jre/lib/amd64/libzip.so
7f30fcb16000-7f30fcc18000 ---p 0000e000 08:02 2238306                    /usr/lib/jvm/java-6-sun-1.6.0.24/jre/lib/amd64/libzip.so
7f30fcc18000-7f30fcc1b000 rwxp 00010000 08:02 2238306                    /usr/lib/jvm/java-6-sun-1.6.0.24/jre/lib/amd64/libzip.so
7f30fcc1b000-7f30fcc1c000 rwxp 00000000 00:00 0 
7f30fcc1c000-7f30fcc28000 r-xp 00000000 08:02 2105085                    /lib/x86_64-linux-gnu/libnss_files-2.13.so
7f30fcc28000-7f30fce27000 ---p 0000c000 08:02 2105085                    /lib/x86_64-linux-gnu/libnss_files-2.13.so
7f30fce27000-7f30fce28000 r-xp 0000b000 08:02 2105085                    /lib/x86_64-linux-gnu/libnss_files-2.13.so
7f30fce28000-7f30fce29000 rwxp 0000c000 08:02 2105085                    /lib/x86_64-linux-gnu/libnss_files-2.13.so
7f30fce29000-7f30fce34000 r-xp 00000000 08:02 2105087                    /lib/x86_64-linux-gnu/libnss_nis-2.13.so
7f30fce34000-7f30fd033000 ---p 0000b000 08:02 2105087                    /lib/x86_64-linux-gnu/libnss_nis-2.13.so
7f30fd033000-7f30fd034000 r-xp 0000a000 08:02 2105087                    /lib/x86_64-linux-gnu/libnss_nis-2.13.so
7f30fd034000-7f30fd035000 rwxp 0000b000 08:02 2105087                    /lib/x86_64-linux-gnu/libnss_nis-2.13.so
7f30fd035000-7f30fd03d000 r-xp 00000000 08:02 2105083                    /lib/x86_64-linux-gnu/libnss_compat-2.13.so
7f30fd03d000-7f30fd23c000 ---p 00008000 08:02 2105083                    /lib/x86_64-linux-gnu/libnss_compat-2.13.so
7f30fd23c000-7f30fd23d000 r-xp 00007000 08:02 2105083                    /lib/x86_64-linux-gnu/libnss_compat-2.13.so
7f30fd23d000-7f30fd23e000 rwxp 00008000 08:02 2105083                    /lib/x86_64-linux-gnu/libnss_compat-2.13.so
7f30fd23e000-7f30fd245000 r-xp 00000000 08:02 2239362                    /usr/lib/jvm/java-6-sun-1.6.0.24/jre/lib/amd64/native_threads/libhpi.so
7f30fd245000-7f30fd346000 ---p 00007000 08:02 2239362                    /usr/lib/jvm/java-6-sun-1.6.0.24/jre/lib/amd64/native_threads/libhpi.so
7f30fd346000-7f30fd348000 rwxp 00008000 08:02 2239362                    /usr/lib/jvm/java-6-sun-1.6.0.24/jre/lib/amd64/native_threads/libhpi.so
7f30fd348000-7f30fd349000 rwxp 00000000 00:00 0 
7f30fd349000-7f30fd360000 r-xp 00000000 08:02 2105082                    /lib/x86_64-linux-gnu/libnsl-2.13.so
7f30fd360000-7f30fd55f000 ---p 00017000 08:02 2105082                    /lib/x86_64-linux-gnu/libnsl-2.13.so
7f30fd55f000-7f30fd560000 r-xp 00016000 08:02 2105082                    /lib/x86_64-linux-gnu/libnsl-2.13.so
7f30fd560000-7f30fd561000 rwxp 00017000 08:02 2105082                    /lib/x86_64-linux-gnu/libnsl-2.13.so
7f30fd561000-7f30fd563000 rwxp 00000000 00:00 0 
7f30fd563000-7f30fd58c000 r-xp 00000000 08:02 2238303                    /usr/lib/jvm/java-6-sun-1.6.0.24/jre/lib/amd64/libjava.so
7f30fd58c000-7f30fd68b000 ---p 00029000 08:02 2238303                    /usr/lib/jvm/java-6-sun-1.6.0.24/jre/lib/amd64/libjava.so
7f30fd68b000-7f30fd692000 rwxp 00028000 08:02 2238303                    /usr/lib/jvm/java-6-sun-1.6.0.24/jre/lib/amd64/libjava.so
7f30fd692000-7f30fd69f000 r-xp 00000000 08:02 2236068                    /usr/lib/jvm/java-6-sun-1.6.0.24/jre/lib/amd64/libverify.so
7f30fd69f000-7f30fd79e000 ---p 0000d000 08:02 2236068                    /usr/lib/jvm/java-6-sun-1.6.0.24/jre/lib/amd64/libverify.so
7f30fd79e000-7f30fd7a1000 rwxp 0000c000 08:02 2236068                    /usr/lib/jvm/java-6-sun-1.6.0.24/jre/lib/amd64/libverify.so
7f30fd7a1000-7f30fd7a8000 r-xp 00000000 08:02 2105182                    /lib/x86_64-linux-gnu/librt-2.13.so
7f30fd7a8000-7f30fd9a7000 ---p 00007000 08:02 2105182                    /lib/x86_64-linux-gnu/librt-2.13.so
7f30fd9a7000-7f30fd9a8000 r-xp 00006000 08:02 2105182                    /lib/x86_64-linux-gnu/librt-2.13.so
7f30fd9a8000-7f30fd9a9000 rwxp 00007000 08:02 2105182                    /lib/x86_64-linux-gnu/librt-2.13.so
7f30fd9a9000-7f30fd9ac000 ---p 00000000 00:00 0 
7f30fd9ac000-7f30fdaaa000 rwxp 00000000 00:00 0 
7f30fdaaa000-7f30fdb2e000 r-xp 00000000 08:02 2105080                    /lib/x86_64-linux-gnu/libm-2.13.so
7f30fdb2e000-7f30fdd2d000 ---p 00084000 08:02 2105080                    /lib/x86_64-linux-gnu/libm-2.13.so
7f30fdd2d000-7f30fdd2e000 r-xp 00083000 08:02 2105080                    /lib/x86_64-linux-gnu/libm-2.13.so
7f30fdd2e000-7f30fdd2f000 rwxp 00084000 08:02 2105080                    /lib/x86_64-linux-gnu/libm-2.13.so
7f30fdd2f000-7f30fe56d000 r-xp 00000000 08:02 2238308                    /usr/lib/jvm/java-6-sun-1.6.0.24/jre/lib/amd64/server/libjvm.so
7f30fe56d000-7f30fe66c000 ---p 0083e000 08:02 2238308                    /usr/lib/jvm/java-6-sun-1.6.0.24/jre/lib/amd64/server/libjvm.so
7f30fe66c000-7f30fe800000 rwxp 0083d000 08:02 2238308                    /usr/lib/jvm/java-6-sun-1.6.0.24/jre/lib/amd64/server/libjvm.so
7f30fe800000-7f30fe839000 rwxp 00000000 00:00 0 
7f30fe839000-7f30fe9c3000 r-xp 00000000 08:02 2101702                    /lib/x86_64-linux-gnu/libc-2.13.so
7f30fe9c3000-7f30febc2000 ---p 0018a000 08:02 2101702                    /lib/x86_64-linux-gnu/libc-2.13.so
7f30febc2000-7f30febc6000 r-xp 00189000 08:02 2101702                    /lib/x86_64-linux-gnu/libc-2.13.so
7f30febc6000-7f30febc7000 rwxp 0018d000 08:02 2101702                    /lib/x86_64-linux-gnu/libc-2.13.so
7f30febc7000-7f30febcd000 rwxp 00000000 00:00 0 
7f30febcd000-7f30febcf000 r-xp 00000000 08:02 2105079                    /lib/x86_64-linux-gnu/libdl-2.13.so
7f30febcf000-7f30fedcf000 ---p 00002000 08:02 2105079                    /lib/x86_64-linux-gnu/libdl-2.13.so
7f30fedcf000-7f30fedd0000 r-xp 00002000 08:02 2105079                    /lib/x86_64-linux-gnu/libdl-2.13.so
7f30fedd0000-7f30fedd1000 rwxp 00003000 08:02 2105079                    /lib/x86_64-linux-gnu/libdl-2.13.so
7f30fedd1000-7f30fede9000 r-xp 00000000 08:02 2105180                    /lib/x86_64-linux-gnu/libpthread-2.13.so
7f30fede9000-7f30fefe9000 ---p 00018000 08:02 2105180                    /lib/x86_64-linux-gnu/libpthread-2.13.so
7f30fefe9000-7f30fefea000 r-xp 00018000 08:02 2105180                    /lib/x86_64-linux-gnu/libpthread-2.13.so
7f30fefea000-7f30fefeb000 rwxp 00019000 08:02 2105180                    /lib/x86_64-linux-gnu/libpthread-2.13.so
7f30fefeb000-7f30fefef000 rwxp 00000000 00:00 0 
7f30fefef000-7f30ff010000 r-xp 00000000 08:02 2101285                    /lib/x86_64-linux-gnu/ld-2.13.so
7f30ff010000-7f30ff011000 r-xs 0000a000 08:05 25978869                   /workarea/Applications/apache-maven-3.0.2/lib/maven-embedder-3.0.2.jar
7f30ff011000-7f30ff016000 r-xs 00023000 08:05 25978883                   /workarea/Applications/apache-maven-3.0.2/lib/sisu-inject-bean-1.4.3.1.jar
7f30ff016000-7f30ff018000 r-xs 00009000 08:05 25978905                   /workarea/Applications/apache-maven-3.0.2/lib/commons-cli-1.2.jar
7f30ff018000-7f30ff01b000 r-xs 00019000 08:05 25978896                   /workarea/Applications/apache-maven-3.0.2/lib/aether-util-1.9.jar
7f30ff01b000-7f30ff028000 rwxp 00000000 00:00 0 
7f30ff028000-7f30ff0db000 rwxp 00000000 00:00 0 
7f30ff0db000-7f30ff0de000 rwxp 00000000 00:00 0 
7f30ff0de000-7f30ff0e5000 r-xp 00000000 08:02 2236065                    /usr/lib/jvm/java-6-sun-1.6.0.24/jre/lib/amd64/jli/libjli.so
7f30ff0e5000-7f30ff1e6000 ---p 00007000 08:02 2236065                    /usr/lib/jvm/java-6-sun-1.6.0.24/jre/lib/amd64/jli/libjli.so
7f30ff1e6000-7f30ff1e8000 rwxp 00008000 08:02 2236065                    /usr/lib/jvm/java-6-sun-1.6.0.24/jre/lib/amd64/jli/libjli.so
7f30ff1e8000-7f30ff1e9000 rwxp 00000000 00:00 0 
7f30ff1e9000-7f30ff1ea000 r-xp 00000000 00:00 0 
7f30ff1ea000-7f30ff1ed000 r-xs 0001a000 08:05 25978897                   /workarea/Applications/apache-maven-3.0.2/lib/aether-impl-1.9.jar
7f30ff1ed000-7f30ff1ef000 r-xs 00002000 08:05 25978889                   /workarea/Applications/apache-maven-3.0.2/lib/aether-spi-1.9.jar
7f30ff1ef000-7f30ff1f5000 r-xs 00040000 08:05 25978898                   /workarea/Applications/apache-maven-3.0.2/lib/maven-compat-3.0.2.jar
7f30ff1f5000-7f30ff1f9000 r-xs 00033000 08:05 25978871                   /workarea/Applications/apache-maven-3.0.2/lib/plexus-utils-2.0.4.jar
7f30ff1f9000-7f30ff1fc000 r-xs 00026000 08:05 25978873                   /workarea/Applications/apache-maven-3.0.2/lib/maven-model-3.0.2.jar
7f30ff1fc000-7f30ff1ff000 r-xs 00008000 08:05 25978874                   /workarea/Applications/apache-maven-3.0.2/lib/maven-settings-builder-3.0.2.jar
7f30ff1ff000-7f30ff201000 r-xs 00000000 08:05 25978876                   /workarea/Applications/apache-maven-3.0.2/lib/plexus-component-annotations-1.5.5.jar
7f30ff201000-7f30ff203000 r-xs 0000a000 08:05 25978867                   /workarea/Applications/apache-maven-3.0.2/boot/plexus-classworlds-2.4.jar
7f30ff203000-7f30ff20b000 rwxs 00000000 08:02 1446082                    /tmp/hsperfdata_fritz/24498
7f30ff20b000-7f30ff20c000 rwxp 00000000 00:00 0 
7f30ff20c000-7f30ff20d000 r-xp 00000000 00:00 0 
7f30ff20d000-7f30ff20f000 rwxp 00000000 00:00 0 
7f30ff20f000-7f30ff210000 r-xp 00020000 08:02 2101285                    /lib/x86_64-linux-gnu/ld-2.13.so
7f30ff210000-7f30ff212000 rwxp 00021000 08:02 2101285                    /lib/x86_64-linux-gnu/ld-2.13.so
7fff9536c000-7fff9538d000 rwxp 00000000 00:00 0                          [stack]
7fff953ff000-7fff95400000 r-xp 00000000 00:00 0                          [vdso]
ffffffffff600000-ffffffffff601000 r-xp 00000000 00:00 0                  [vsyscall]

VM Arguments:
jvm_args: -Xmx1024m -XX:MaxPermSize=256M -Dclassworlds.conf=/workarea/Applications/apache-maven-3.0.2/bin/m2.conf -Dmaven.home=/workarea/Applications/apache-maven-3.0.2 
java_command: org.codehaus.plexus.classworlds.launcher.Launcher clean install jetty:run
Launcher Type: SUN_STANDARD

Environment Variables:
JAVA_HOME=/usr/lib/jvm/java-6-sun
PATH=/home/fritz/bin:::/home/fritz/.fritz/bin:::/home/fritz/bin:/usr/local/sbin:/usr/local/bin:/usr/sbin:/usr/bin:/sbin:/bin:/usr/games:::/Library/PostgreSQL/8.3/bin:::/usr/local/mysql/bin:::/usr/share/android-sdk-linux_x86//platform-tools:::/usr/share/android-sdk-linux_x86//tools:::/usr/local/git/bin:::/Library/PostgreSQL/8.4/bin/:::/home/fritz/Applications/Argyll_V1.3.1/bin
USERNAME=fritz
LD_LIBRARY_PATH=/usr/lib/jvm/java-6-sun-1.6.0.24/jre/lib/amd64/server:/usr/lib/jvm/java-6-sun-1.6.0.24/jre/lib/amd64:/usr/lib/jvm/java-6-sun-1.6.0.24/jre/../lib/amd64
SHELL=/bin/tcsh
DISPLAY=:0
HOSTTYPE=x86_64-linux
OSTYPE=linux
MACHTYPE=x86_64

Signal Handlers:
SIGSEGV: [libjvm.so+0x791b30], sa_mask[0]=0x7ffbfeff, sa_flags=0x10000004
SIGBUS: [libjvm.so+0x791b30], sa_mask[0]=0x7ffbfeff, sa_flags=0x10000004
SIGFPE: [libjvm.so+0x640ba0], sa_mask[0]=0x7ffbfeff, sa_flags=0x10000004
SIGPIPE: [libjvm.so+0x640ba0], sa_mask[0]=0x7ffbfeff, sa_flags=0x10000004
SIGXFSZ: [libjvm.so+0x640ba0], sa_mask[0]=0x7ffbfeff, sa_flags=0x10000004
SIGILL: [libjvm.so+0x640ba0], sa_mask[0]=0x7ffbfeff, sa_flags=0x10000004
SIGUSR1: SIG_DFL, sa_mask[0]=0x00000000, sa_flags=0x00000000
SIGUSR2: [libjvm.so+0x643780], sa_mask[0]=0x00000000, sa_flags=0x10000004
SIGHUP: [libjvm.so+0x643380], sa_mask[0]=0x7ffbfeff, sa_flags=0x10000004
SIGINT: [libjvm.so+0x643380], sa_mask[0]=0x7ffbfeff, sa_flags=0x10000004
SIGTERM: [libjvm.so+0x643380], sa_mask[0]=0x7ffbfeff, sa_flags=0x10000004
SIGQUIT: [libjvm.so+0x643380], sa_mask[0]=0x7ffbfeff, sa_flags=0x10000004


---------------  S Y S T E M  ---------------

OS:squeeze/sid

uname:Linux 2.6.38-8-generic #42-Ubuntu SMP Mon Apr 11 03:31:24 UTC 2011 x86_64
libc:glibc 2.13 NPTL 2.13 
rlimit: STACK 8192k, CORE 0k, NPROC infinity, NOFILE 8192, AS infinity
load average:0.35 0.45 0.36

/proc/meminfo:
MemTotal:        4032948 kB
MemFree:          344496 kB
Buffers:           63088 kB
Cached:           543316 kB
SwapCached:            0 kB
Active:          2460020 kB
Inactive:         933836 kB
Active(anon):    2129948 kB
Inactive(anon):   672724 kB
Active(file):     330072 kB
Inactive(file):   261112 kB
Unevictable:          48 kB
Mlocked:              48 kB
SwapTotal:      10616828 kB
SwapFree:       10616760 kB
Dirty:              8868 kB
Writeback:             0 kB
AnonPages:       2787376 kB
Mapped:           125148 kB
Shmem:             15264 kB
Slab:              91568 kB
SReclaimable:      63504 kB
SUnreclaim:        28064 kB
KernelStack:        4104 kB
PageTables:        34648 kB
NFS_Unstable:          0 kB
Bounce:                0 kB
WritebackTmp:          0 kB
CommitLimit:    12633300 kB
Committed_AS:    5553256 kB
VmallocTotal:   34359738367 kB
VmallocUsed:      149796 kB
VmallocChunk:   34359551996 kB
HardwareCorrupted:     0 kB
HugePages_Total:       0
HugePages_Free:        0
HugePages_Rsvd:        0
HugePages_Surp:        0
Hugepagesize:       2048 kB
DirectMap4k:      178412 kB
DirectMap2M:     3991552 kB


CPU:total 2 (2 cores per cpu, 1 threads per core) family 6 model 23 stepping 6, cmov, cx8, fxsr, mmx, sse, sse2, sse3, ssse3, sse4.1

Memory: 4k page, physical 4032948k(344496k free), swap 10616828k(10616760k free)

vm_info: Java HotSpot(TM) 64-Bit Server VM (19.1-b02) for linux-amd64 JRE (1.6.0_24-b07), built on Feb  2 2011 16:55:54 by "java_re" with gcc 3.2.2 (SuSE Linux)

time: Thu Jul 21 01:36:01 2011
elapsed time: 151 seconds

